Arguments: 
  /usr/local/Cellar/node/9.3.0_1/bin/node /Users/daniel/.yarn/bin/yarn.js start

PATH: 
  /Library/Frameworks/Python.framework/Versions/3.6/bin:/Users/daniel/.yarn/bin:/usr/local/bin:/usr/local/bin:/usr/bin:/bin:/usr/sbin:/sbin:/opt/X11/bin

Yarn version: 
  0.27.5

Node version: 
  9.3.0

Platform: 
  darwin x64

npm manifest: 
  {
    "name": "bacon-backend",
    "version": "1.0.0",
    "description": "backend for bacon",
    "main": "index.js",
    "scripts": {
      "start": "nodemon index.js",
      "startheroku": "heroku local",
      "startold": "node index.js",
      "deploy": "git push heroku master",
      "launch": "heroku open",
    },
    "author": "daniel lopez",
    "license": "ISC"
  }

yarn manifest: 
  No manifest

Lockfile: 
  No lockfile

Trace: 
  SyntaxError: /Users/daniel/dev/bacon/package.json: Unexpected token } in JSON at position 298
      at JSON.parse (<anonymous>)
      at /Users/daniel/.yarn/lib/yarn-cli.js:747:57
      at Generator.next (<anonymous>)
      at step (/Users/daniel/.yarn/lib/yarn-cli.js:91:30)
      at /Users/daniel/.yarn/lib/yarn-cli.js:102:13
      at <anonymous>
